0 info it worked if it ends with ok
1 verbose cli [ '/home/chriscauley/node-v4.4.7-linux-x64/bin/node',
1 verbose cli   '/usr/bin/npm',
1 verbose cli   'run',
1 verbose cli   'start' ]
2 info using npm@2.15.8
3 info using node@v4.4.7
4 verbose stack Error: missing script: start
4 verbose stack     at run (/home/chriscauley/node-v4.4.7-linux-x64/lib/node_modules/npm/lib/run-script.js:142:19)
4 verbose stack     at /home/chriscauley/node-v4.4.7-linux-x64/lib/node_modules/npm/lib/run-script.js:58:5
4 verbose stack     at /home/chriscauley/node-v4.4.7-linux-x64/lib/node_modules/npm/node_modules/read-package-json/read-json.js:356:5
4 verbose stack     at checkBinReferences_ (/home/chriscauley/node-v4.4.7-linux-x64/lib/node_modules/npm/node_modules/read-package-json/read-json.js:320:45)
4 verbose stack     at final (/home/chriscauley/node-v4.4.7-linux-x64/lib/node_modules/npm/node_modules/read-package-json/read-json.js:354:3)
4 verbose stack     at then (/home/chriscauley/node-v4.4.7-linux-x64/lib/node_modules/npm/node_modules/read-package-json/read-json.js:124:5)
4 verbose stack     at /home/chriscauley/node-v4.4.7-linux-x64/lib/node_modules/npm/node_modules/read-package-json/read-json.js:311:12
4 verbose stack     at /home/chriscauley/node-v4.4.7-linux-x64/lib/node_modules/npm/node_modules/graceful-fs/graceful-fs.js:78:16
4 verbose stack     at FSReqWrap.readFileAfterClose [as oncomplete] (fs.js:380:3)
5 verbose cwd /home/chriscauley/ddt-talk
6 error Linux 3.13.0-52-generic
7 error argv "/home/chriscauley/node-v4.4.7-linux-x64/bin/node" "/usr/bin/npm" "run" "start"
8 error node v4.4.7
9 error npm  v2.15.8
10 error missing script: start
11 error If you need help, you may report this error at:
11 error     <https://github.com/npm/npm/issues>
12 verbose exit [ 1, true ]
